# JRE version: 7.0_21-b02
# Java VM: OpenJDK 64-Bit Server VM (23.7-b01 mixed mode linux-amd64 compressed oops)
Heap
 def new generation   total 8384K, used 4986K [0x00000000cc000000, 0x00000000cc910000, 0x00000000d9e00000)
  eden space 7488K,  63% used [0x00000000cc000000, 0x00000000cc4ac280, 0x00000000cc750000)
  from space 896K,  22% used [0x00000000cc750000, 0x00000000cc782800, 0x00000000cc830000)
  to   space 896K,   0% used [0x00000000cc830000, 0x00000000cc830000, 0x00000000cc910000)
 tenured generation   total 18688K, used 5520K [0x00000000d9e00000, 0x00000000db040000, 0x00000000f5a00000)
   the space 18688K,  29% used [0x00000000d9e00000, 0x00000000da364250, 0x00000000da364400, 0x00000000db040000)
 compacting perm gen  total 21248K, used 12026K [0x00000000f5a00000, 0x00000000f6ec0000, 0x0000000100000000)
   the space 21248K,  56% used [0x00000000f5a00000, 0x00000000f65be9b0, 0x00000000f65bea00, 0x00000000f6ec0000)
GC Heap History (10 events):
Event: 192.593 GC heap before
{Heap before GC invocations=37 (full 0):
 def new generation   total 8384K, used 7766K [0x00000000cc000000, 0x00000000cc910000, 0x00000000d9e00000)
  eden space 7488K, 100% used [0x00000000cc000000, 0x00000000cc750000, 0x00000000cc750000)
  from space 896K,  31% used [0x00000000cc830000, 0x00000000cc875ad0, 0x00000000cc910000)
  to   space 896K,   0% used [0x00000000cc750000, 0x00000000cc750000, 0x00000000cc830000)
 tenured generation   total 18688K, used 5410K [0x00000000d9e00000, 0x00000000db040000, 0x00000000f5a00000)
   the space 18688K,  28% used [0x00000000d9e00000, 0x00000000da348a98, 0x00000000da348c00, 0x00000000db040000)
 compacting perm gen  total 21248K, used 12023K [0x00000000f5a00000, 0x00000000f6ec0000, 0x0000000100000000)
   the space 21248K,  56% used [0x00000000f5a00000, 0x00000000f65bdf18, 0x00000000f65be000, 0x00000000f6ec0000)
No shared spaces configured.
Event: 192.595 GC heap after
Heap after GC invocations=38 (full 0):
 def new generation   total 8384K, used 264K [0x00000000cc000000, 0x00000000cc910000, 0x00000000d9e00000)
  eden space 7488K,   0% used [0x00000000cc000000, 0x00000000cc000000, 0x00000000cc750000)
  from space 896K,  29% used [0x00000000cc750000, 0x00000000cc792318, 0x00000000cc830000)
  to   space 896K,   0% used [0x00000000cc830000, 0x00000000cc830000, 0x00000000cc910000)
 tenured generation   total 18688K, used 5432K [0x00000000d9e00000, 0x00000000db040000, 0x00000000f5a00000)
   the space 18688K,  29% used [0x00000000d9e00000, 0x00000000da34e260, 0x00000000da34e400, 0x00000000db040000)
 compacting perm gen  total 21248K, used 12023K [0x00000000f5a00000, 0x00000000f6ec0000, 0x0000000100000000)
   the space 21248K,  56% used [0x00000000f5a00000, 0x00000000f65bdf18, 0x00000000f65be000, 0x00000000f6ec0000)
No shared spaces configured.
}
Event: 193.389 GC heap before
{Heap before GC invocations=38 (full 0):
 def new generation   total 8384K, used 7752K [0x00000000cc000000, 0x00000000cc910000, 0x00000000d9e00000)
  eden space 7488K, 100% used [0x00000000cc000000, 0x00000000cc750000, 0x00000000cc750000)
  from space 896K,  29% used [0x00000000cc750000, 0x00000000cc792318, 0x00000000cc830000)
  to   space 896K,   0% used [0x00000000cc830000, 0x00000000cc830000, 0x00000000cc910000)
 tenured generation   total 18688K, used 5432K [0x00000000d9e00000, 0x00000000db040000, 0x00000000f5a00000)
   the space 18688K,  29% used [0x00000000d9e00000, 0x00000000da34e260, 0x00000000da34e400, 0x00000000db040000)
 compacting perm gen  total 21248K, used 12023K [0x00000000f5a00000, 0x00000000f6ec0000, 0x0000000100000000)
   the space 21248K,  56% used [0x00000000f5a00000, 0x00000000f65bdf18, 0x00000000f65be000, 0x00000000f6ec0000)
No shared spaces configured.
Event: 193.390 GC heap after
Heap after GC invocations=39 (full 0):
 def new generation   total 8384K, used 263K [0x00000000cc000000, 0x00000000cc910000, 0x00000000d9e00000)
  eden space 7488K,   0% used [0x00000000cc000000, 0x00000000cc000000, 0x00000000cc750000)
  from space 896K,  29% used [0x00000000cc830000, 0x00000000cc871e08, 0x00000000cc910000)
  to   space 896K,   0% used [0x00000000cc750000, 0x00000000cc750000, 0x00000000cc830000)
 tenured generation   total 18688K, used 5444K [0x00000000d9e00000, 0x00000000db040000, 0x00000000f5a00000)
   the space 18688K,  29% used [0x00000000d9e00000, 0x00000000da351050, 0x00000000da351200, 0x00000000db040000)
 compacting perm gen  total 21248K, used 12023K [0x00000000f5a00000, 0x00000000f6ec0000, 0x0000000100000000)
   the space 21248K,  56% used [0x00000000f5a00000, 0x00000000f65bdf18, 0x00000000f65be000, 0x00000000f6ec0000)
No shared spaces configured.
}
Event: 194.033 GC heap before
{Heap before GC invocations=39 (full 0):
 def new generation   total 8384K, used 7751K [0x00000000cc000000, 0x00000000cc910000, 0x00000000d9e00000)
  eden space 7488K, 100% used [0x00000000cc000000, 0x00000000cc750000, 0x00000000cc750000)
  from space 896K,  29% used [0x00000000cc830000, 0x00000000cc871e08, 0x00000000cc910000)
  to   space 896K,   0% used [0x00000000cc750000, 0x00000000cc750000, 0x00000000cc830000)
 tenured generation   total 18688K, used 5444K [0x00000000d9e00000, 0x00000000db040000, 0x00000000f5a00000)
   the space 18688K,  29% used [0x00000000d9e00000, 0x00000000da351050, 0x00000000da351200, 0x00000000db040000)
 compacting perm gen  total 21248K, used 12023K [0x00000000f5a00000, 0x00000000f6ec0000, 0x0000000100000000)
   the space 21248K,  56% used [0x00000000f5a00000, 0x00000000f65bdf18, 0x00000000f65be000, 0x00000000f6ec0000)
No shared spaces configured.
Event: 194.034 GC heap after
Heap after GC invocations=40 (full 0):
 def new generation   total 8384K, used 245K [0x00000000cc000000, 0x00000000cc910000, 0x00000000d9e00000)
  eden space 7488K,   0% used [0x00000000cc000000, 0x00000000cc000000, 0x00000000cc750000)
  from space 896K,  27% used [0x00000000cc750000, 0x00000000cc78d408, 0x00000000cc830000)
  to   space 896K,   0% used [0x00000000cc830000, 0x00000000cc830000, 0x00000000cc910000)
 tenured generation   total 18688K, used 5467K [0x00000000d9e00000, 0x00000000db040000, 0x00000000f5a00000)
   the space 18688K,  29% used [0x00000000d9e00000, 0x00000000da356da8, 0x00000000da356e00, 0x00000000db040000)
 compacting perm gen  total 21248K, used 12023K [0x00000000f5a00000, 0x00000000f6ec0000, 0x0000000100000000)
   the space 21248K,  56% used [0x00000000f5a00000, 0x00000000f65bdf18, 0x00000000f65be000, 0x00000000f6ec0000)
No shared spaces configured.
}
Event: 194.547 GC heap before
{Heap before GC invocations=40 (full 0):
 def new generation   total 8384K, used 7733K [0x00000000cc000000, 0x00000000cc910000, 0x00000000d9e00000)
  eden space 7488K, 100% used [0x00000000cc000000, 0x00000000cc750000, 0x00000000cc750000)
  from space 896K,  27% used [0x00000000cc750000, 0x00000000cc78d408, 0x00000000cc830000)
  to   space 896K,   0% used [0x00000000cc830000, 0x00000000cc830000, 0x00000000cc910000)
 tenured generation   total 18688K, used 5467K [0x00000000d9e00000, 0x00000000db040000, 0x00000000f5a00000)
   the space 18688K,  29% used [0x00000000d9e00000, 0x00000000da356da8, 0x00000000da356e00, 0x00000000db040000)
 compacting perm gen  total 21248K, used 12023K [0x00000000f5a00000, 0x00000000f6ec0000, 0x0000000100000000)
   the space 21248K,  56% used [0x00000000f5a00000, 0x00000000f65bdf18, 0x00000000f65be000, 0x00000000f6ec0000)
No shared spaces configured.
Event: 194.549 GC heap after
Heap after GC invocations=41 (full 0):
 def new generation   total 8384K, used 224K [0x00000000cc000000, 0x00000000cc910000, 0x00000000d9e00000)
  eden space 7488K,   0% used [0x00000000cc000000, 0x00000000cc000000, 0x00000000cc750000)
  from space 896K,  25% used [0x00000000cc830000, 0x00000000cc8681d0, 0x00000000cc910000)
  to   space 896K,   0% used [0x00000000cc750000, 0x00000000cc750000, 0x00000000cc830000)
 tenured generation   total 18688K, used 5493K [0x00000000d9e00000, 0x00000000db040000, 0x00000000f5a00000)
   the space 18688K,  29% used [0x00000000d9e00000, 0x00000000da35d440, 0x00000000da35d600, 0x00000000db040000)
 compacting perm gen  total 21248K, used 12023K [0x00000000f5a00000, 0x00000000f6ec0000, 0x0000000100000000)
   the space 21248K,  56% used [0x00000000f5a00000, 0x00000000f65bdf18, 0x00000000f65be000, 0x00000000f6ec0000)
No shared spaces configured.
}
Event: 195.143 GC heap before
{Heap before GC invocations=41 (full 0):
 def new generation   total 8384K, used 7712K [0x00000000cc000000, 0x00000000cc910000, 0x00000000d9e00000)
  eden space 7488K, 100% used [0x00000000cc000000, 0x00000000cc750000, 0x00000000cc750000)
  from space 896K,  25% used [0x00000000cc830000, 0x00000000cc8681d0, 0x00000000cc910000)
  to   space 896K,   0% used [0x00000000cc750000, 0x00000000cc750000, 0x00000000cc830000)
 tenured generation   total 18688K, used 5493K [0x00000000d9e00000, 0x00000000db040000, 0x00000000f5a00000)
   the space 18688K,  29% used [0x00000000d9e00000, 0x00000000da35d440, 0x00000000da35d600, 0x00000000db040000)
 compacting perm gen  total 21248K, used 12023K [0x00000000f5a00000, 0x00000000f6ec0000, 0x0000000100000000)
   the space 21248K,  56% used [0x00000000f5a00000, 0x00000000f65bdf18, 0x00000000f65be000, 0x00000000f6ec0000)
No shared spaces configured.
Event: 195.145 GC heap after
Heap after GC invocations=42 (full 0):
 def new generation   total 8384K, used 202K [0x00000000cc000000, 0x00000000cc910000, 0x00000000d9e00000)
  eden space 7488K,   0% used [0x00000000cc000000, 0x00000000cc000000, 0x00000000cc750000)
  from space 896K,  22% used [0x00000000cc750000, 0x00000000cc782800, 0x00000000cc830000)
  to   space 896K,   0% used [0x00000000cc830000, 0x00000000cc830000, 0x00000000cc910000)
 tenured generation   total 18688K, used 5520K [0x00000000d9e00000, 0x00000000db040000, 0x00000000f5a00000)
   the space 18688K,  29% used [0x00000000d9e00000, 0x00000000da364250, 0x00000000da364400, 0x00000000db040000)
 compacting perm gen  total 21248K, used 12023K [0x00000000f5a00000, 0x00000000f6ec0000, 0x0000000100000000)
   the space 21248K,  56% used [0x00000000f5a00000, 0x00000000f65bdf18, 0x00000000f65be000, 0x00000000f6ec0000)
No shared spaces configured.
}

